30-Mar-2026 22:11:11.270 INFORMACIÓN [main] org.apache.catalina.startup.VersionLoggerListener.log Nombre de la versión del servidor: Apache Tomcat/9.0.116
30-Mar-2026 22:11:11.272 INFORMACIÓN [main] org.apache.catalina.startup.VersionLoggerListener.log Server built:                      Mar 16 2026 15:05:42 UTC
30-Mar-2026 22:11:11.272 INFORMACIÓN [main] org.apache.catalina.startup.VersionLoggerListener.log Número de versión de servidor:     9.0.116.0
30-Mar-2026 22:11:11.272 INFORMACIÓN [main] org.apache.catalina.startup.VersionLoggerListener.log OS Name:                           Windows 11
30-Mar-2026 22:11:11.272 INFORMACIÓN [main] org.apache.catalina.startup.VersionLoggerListener.log Versión de Systema Operativo:      10.0
30-Mar-2026 22:11:11.272 INFORMACIÓN [main] org.apache.catalina.startup.VersionLoggerListener.log Arquitectura:                      amd64
30-Mar-2026 22:11:11.272 INFORMACIÓN [main] org.apache.catalina.startup.VersionLoggerListener.log Java Home:                         C:\Program Files\Apache NetBeans\jdk
30-Mar-2026 22:11:11.272 INFORMACIÓN [main] org.apache.catalina.startup.VersionLoggerListener.log JVM Version:                       24.0.2+12
30-Mar-2026 22:11:11.272 INFORMACIÓN [main] org.apache.catalina.startup.VersionLoggerListener.log Vededor JVM:                       Azul Systems, Inc.
30-Mar-2026 22:11:11.273 INFORMACIÓN [main] org.apache.catalina.startup.VersionLoggerListener.log CATALINA_BASE:                     D:\practica\JavaWeb\apache-tomcat-9.0.116-windows-x64\apache-tomcat-9.0.116
30-Mar-2026 22:11:11.273 INFORMACIÓN [main] org.apache.catalina.startup.VersionLoggerListener.log CATALINA_HOME:                     D:\practica\JavaWeb\apache-tomcat-9.0.116-windows-x64\apache-tomcat-9.0.116
30-Mar-2026 22:11:11.285 INFORMACIÓN [main] org.apache.catalina.startup.VersionLoggerListener.log Command line argument:             --add-opens=java.base/java.lang=ALL-UNNAMED
30-Mar-2026 22:11:11.285 INFORMACIÓN [main] org.apache.catalina.startup.VersionLoggerListener.log Command line argument:             --add-opens=java.base/java.lang.invoke=ALL-UNNAMED
30-Mar-2026 22:11:11.285 INFORMACIÓN [main] org.apache.catalina.startup.VersionLoggerListener.log Command line argument:             --add-opens=java.base/java.lang.reflect=ALL-UNNAMED
30-Mar-2026 22:11:11.285 INFORMACIÓN [main] org.apache.catalina.startup.VersionLoggerListener.log Command line argument:             --add-opens=java.base/java.io=ALL-UNNAMED
30-Mar-2026 22:11:11.285 INFORMACIÓN [main] org.apache.catalina.startup.VersionLoggerListener.log Command line argument:             --add-opens=java.base/java.util=ALL-UNNAMED
30-Mar-2026 22:11:11.285 INFORMACIÓN [main] org.apache.catalina.startup.VersionLoggerListener.log Command line argument:             --add-opens=java.base/java.util.concurrent=ALL-UNNAMED
30-Mar-2026 22:11:11.285 INFORMACIÓN [main] org.apache.catalina.startup.VersionLoggerListener.log Command line argument:             --add-opens=java.rmi/sun.rmi.transport=ALL-UNNAMED
30-Mar-2026 22:11:11.285 INFORMACIÓN [main] org.apache.catalina.startup.VersionLoggerListener.log Command line argument:             -Djava.util.logging.config.file=D:\practica\JavaWeb\apache-tomcat-9.0.116-windows-x64\apache-tomcat-9.0.116\conf\logging.properties
30-Mar-2026 22:11:11.285 INFORMACIÓN [main] org.apache.catalina.startup.VersionLoggerListener.log Command line argument:             -Djava.util.logging.manager=org.apache.juli.ClassLoaderLogManager
30-Mar-2026 22:11:11.286 INFORMACIÓN [main] org.apache.catalina.startup.VersionLoggerListener.log Command line argument:             -Djdk.tls.ephemeralDHKeySize=2048
30-Mar-2026 22:11:11.286 INFORMACIÓN [main] org.apache.catalina.startup.VersionLoggerListener.log Command line argument:             -Djava.protocol.handler.pkgs=org.apache.catalina.webresources
30-Mar-2026 22:11:11.286 INFORMACIÓN [main] org.apache.catalina.startup.VersionLoggerListener.log Command line argument:             -Dsun.io.useCanonCaches=false
30-Mar-2026 22:11:11.286 INFORMACIÓN [main] org.apache.catalina.startup.VersionLoggerListener.log Command line argument:             -Dignore.endorsed.dirs=
30-Mar-2026 22:11:11.340 INFORMACIÓN [main] org.apache.catalina.startup.VersionLoggerListener.log Command line argument:             -Dcatalina.base=D:\practica\JavaWeb\apache-tomcat-9.0.116-windows-x64\apache-tomcat-9.0.116
30-Mar-2026 22:11:11.340 INFORMACIÓN [main] org.apache.catalina.startup.VersionLoggerListener.log Command line argument:             -Dcatalina.home=D:\practica\JavaWeb\apache-tomcat-9.0.116-windows-x64\apache-tomcat-9.0.116
30-Mar-2026 22:11:11.340 INFORMACIÓN [main] org.apache.catalina.startup.VersionLoggerListener.log Command line argument:             -Djava.io.tmpdir=D:\practica\JavaWeb\apache-tomcat-9.0.116-windows-x64\apache-tomcat-9.0.116\temp
30-Mar-2026 22:11:11.405 INFORMACIÓN [main] org.apache.catalina.core.AprLifecycleListener.lifecycleEvent Cargada la biblioteca nativa APR de Apache Tomcat [1.3.7] con la versión APR [1.7.6].
30-Mar-2026 22:11:11.405 INFORMACIÓN [main] org.apache.catalina.core.AprLifecycleListener.lifecycleEvent Capacidades APR: IPv6 [true], enviar fichero [true], aceptar filtros [false], aleatorio [true], UDS [true].
30-Mar-2026 22:11:11.405 INFORMACIÓN [main] org.apache.catalina.core.AprLifecycleListener.lifecycleEvent APR/OpenSSL configuration: useAprConnector [false], useOpenSSL [true]
30-Mar-2026 22:11:11.413 INFORMACIÓN [main] org.apache.catalina.core.AprLifecycleListener.initializeSSL OpenSSL inicializado correctamente [OpenSSL 3.0.19 27 Jan 2026]
30-Mar-2026 22:11:11.661 INFORMACIÓN [main] org.apache.coyote.AbstractProtocol.init Inicializando el manejador de protocolo ["http-nio-8080"]

30-Mar-2026 22:11:11.679 INFORMACIÓN [main] org.apache.catalina.startup.Catalina.load Server initialization in [643] milliseconds
30-Mar-2026 22:11:11.730 INFORMACIÓN [main] org.apache.catalina.core.StandardService.startInternal Arrancando servicio [Catalina]
30-Mar-2026 22:11:11.730 INFORMACIÓN [main] org.apache.catalina.core.StandardEngine.startInternal Starting Servlet engine: [Apache Tomcat/9.0.116]
30-Mar-2026 22:11:11.738 INFORMACIÓN [main] org.apache.catalina.startup.HostConfig.deployDirectory Desplegando el directorio [D:\practica\JavaWeb\apache-tomcat-9.0.116-windows-x64\apache-tomcat-9.0.116\webapps\docs] de la aplicación web
30-Mar-2026 22:11:12.055 INFORMACIÓN [main] org.apache.catalina.startup.HostConfig.deployDirectory Deployment of web application directory [D:\practica\JavaWeb\apache-tomcat-9.0.116-windows-x64\apache-tomcat-9.0.116\webapps\docs] has finished in [314] ms
30-Mar-2026 22:11:12.055 INFORMACIÓN [main] org.apache.catalina.startup.HostConfig.deployDirectory Desplegando el directorio [D:\practica\JavaWeb\apache-tomcat-9.0.116-windows-x64\apache-tomcat-9.0.116\webapps\examples] de la aplicación web
30-Mar-2026 22:11:12.837 INFORMACIÓN [main] org.apache.catalina.startup.HostConfig.deployDirectory Deployment of web application directory [D:\practica\JavaWeb\apache-tomcat-9.0.116-windows-x64\apache-tomcat-9.0.116\webapps\examples] has finished in [782] ms
30-Mar-2026 22:11:12.837 INFORMACIÓN [main] org.apache.catalina.startup.HostConfig.deployDirectory Desplegando el directorio [D:\practica\JavaWeb\apache-tomcat-9.0.116-windows-x64\apache-tomcat-9.0.116\webapps\host-manager] de la aplicación web
30-Mar-2026 22:11:12.866 INFORMACIÓN [main] org.apache.catalina.startup.HostConfig.deployDirectory Deployment of web application directory [D:\practica\JavaWeb\apache-tomcat-9.0.116-windows-x64\apache-tomcat-9.0.116\webapps\host-manager] has finished in [29] ms
30-Mar-2026 22:11:12.867 INFORMACIÓN [main] org.apache.catalina.startup.HostConfig.deployDirectory Desplegando el directorio [D:\practica\JavaWeb\apache-tomcat-9.0.116-windows-x64\apache-tomcat-9.0.116\webapps\manager] de la aplicación web
30-Mar-2026 22:11:12.896 INFORMACIÓN [main] org.apache.catalina.startup.HostConfig.deployDirectory Deployment of web application directory [D:\practica\JavaWeb\apache-tomcat-9.0.116-windows-x64\apache-tomcat-9.0.116\webapps\manager] has finished in [28] ms
30-Mar-2026 22:11:12.896 INFORMACIÓN [main] org.apache.catalina.startup.HostConfig.deployDirectory Desplegando el directorio [D:\practica\JavaWeb\apache-tomcat-9.0.116-windows-x64\apache-tomcat-9.0.116\webapps\ROOT] de la aplicación web
30-Mar-2026 22:11:12.918 INFORMACIÓN [main] org.apache.catalina.startup.HostConfig.deployDirectory Deployment of web application directory [D:\practica\JavaWeb\apache-tomcat-9.0.116-windows-x64\apache-tomcat-9.0.116\webapps\ROOT] has finished in [22] ms
30-Mar-2026 22:11:12.923 INFORMACIÓN [main] org.apache.coyote.AbstractProtocol.start Starting ProtocolHandler ["http-nio-8080"]
30-Mar-2026 22:11:12.944 INFORMACIÓN [main] org.apache.catalina.startup.Catalina.start Server startup in [1264] milliseconds
30-Mar-2026 22:11:19.678 INFORMACIÓN [http-nio-8080-exec-4] org.apache.catalina.startup.HostConfig.deployDescriptor Desplieque del descriptor de configuración [D:\practica\JavaWeb\apache-tomcat-9.0.116-windows-x64\apache-tomcat-9.0.116\conf\Catalina\localhost\PrimerServlet.xml]
30-Mar-2026 22:11:19.680 ADVERTENCIA [http-nio-8080-exec-4] org.apache.catalina.startup.HostConfig.deployDescriptor The path attribute with value [/PrimerServlet] in deployment descriptor [D:\practica\JavaWeb\apache-tomcat-9.0.116-windows-x64\apache-tomcat-9.0.116\conf\Catalina\localhost\PrimerServlet.xml] has been ignored
30-Mar-2026 22:11:19.728 INFORMACIÓN [http-nio-8080-exec-4] org.apache.catalina.startup.HostConfig.deployDescriptor Deployment of deployment descriptor [D:\practica\JavaWeb\apache-tomcat-9.0.116-windows-x64\apache-tomcat-9.0.116\conf\Catalina\localhost\PrimerServlet.xml] has finished in [50] ms
30-Mar-2026 22:11:19.730 INFORMACIÓN [http-nio-8080-exec-9] org.apache.catalina.util.LifecycleBase.start The start() method was called on component [StandardEngine[Catalina].StandardHost[localhost].StandardContext[/PrimerServlet]] after start() had already been called. The second call will be ignored.
